<?xml version="1.0" encoding="UTF-8"?>
<!-- Generated by org.testng.reporters.JUnitReportReporter -->
<testsuite skipped="0" hostname="anujas-mbp" name="RestTest.RestAssuredTest" tests="7" failures="0" timestamp="2020-05-09T23:58:19 IST" time="7.389" errors="0">
  <testcase name="testResponseContent" time="0.163" classname="RestTest.RestAssuredTest"/>
  <system-out/>
  <testcase name="nestedJsonObjectResponseContent" time="1.086" classname="RestTest.RestAssuredTest"/>
  <system-out/>
  <testcase name="getResponseBody" time="5.457" classname="RestTest.RestAssuredTest"/>
  <system-out/>
  <testcase name="testStatusCode" time="0.116" classname="RestTest.RestAssuredTest"/>
  <system-out/>
  <testcase name="nestedJsonObjectResponseContentContains" time="0.158" classname="RestTest.RestAssuredTest"/>
  <system-out/>
  <testcase name="useHeaderReuest" time="0.113" classname="RestTest.RestAssuredTest"/>
  <system-out/>
  <testcase name="responseBodyfilters" time="0.296" classname="RestTest.RestAssuredTest"/>
  <system-out/>
</testsuite> <!-- RestTest.RestAssuredTest -->
