<?xml version="1.0" encoding="UTF-8"?>
<!-- Generated by org.testng.reporters.JUnitReportReporter -->
<testsuite skipped="0" hostname="192.168.1.4" name="RestTest.RestAssuredTest2API" tests="2" failures="0" timestamp="2020-05-05T15:50:10 IST" time="0.864" errors="0">
  <testcase name="getResponseBody" time="0.576" classname="RestTest.RestAssuredTest2API"/>
  <system-out/>
  <testcase name="testStatusCode" time="0.288" classname="RestTest.RestAssuredTest2API"/>
  <system-out/>
</testsuite> <!-- RestTest.RestAssuredTest2API -->
