<?xml version="1.0" encoding="UTF-8"?>
<!-- Generated by org.testng.reporters.JUnitReportReporter -->
<testsuite skipped="0" hostname="anujas-mbp" name="RestTest.RestAssuredTest" tests="7" failures="0" timestamp="2020-05-06T19:10:51 IST" time="4.259" errors="0">
  <testcase name="testResponseContent" time="0.180" classname="RestTest.RestAssuredTest"/>
  <system-out/>
  <testcase name="nestedJsonObjectResponseContent" time="0.791" classname="RestTest.RestAssuredTest"/>
  <system-out/>
  <testcase name="getResponseBody" time="2.602" classname="RestTest.RestAssuredTest"/>
  <system-out/>
  <testcase name="testStatusCode" time="0.130" classname="RestTest.RestAssuredTest"/>
  <system-out/>
  <testcase name="nestedJsonObjectResponseContentContains" time="0.145" classname="RestTest.RestAssuredTest"/>
  <system-out/>
  <testcase name="useHeaderReuest" time="0.114" classname="RestTest.RestAssuredTest"/>
  <system-out/>
  <testcase name="responseBodyfilters" time="0.297" classname="RestTest.RestAssuredTest"/>
  <system-out/>
</testsuite> <!-- RestTest.RestAssuredTest -->
