<?xml version="1.0" encoding="UTF-8"?>
<!-- Generated by org.testng.reporters.JUnitReportReporter -->
<testsuite skipped="0" hostname="anujas-mbp" name="RestTest.RestAssuredTest2API" tests="2" failures="0" timestamp="2020-05-06T19:10:51 IST" time="0.783" errors="0">
  <testcase name="testStatusCode" time="0.273" classname="RestTest.RestAssuredTest2API"/>
  <system-out/>
  <testcase name="getResponseBody" time="0.510" classname="RestTest.RestAssuredTest2API"/>
  <system-out/>
</testsuite> <!-- RestTest.RestAssuredTest2API -->
