<?xml version="1.0" encoding="UTF-8"?>
<!-- Generated by org.testng.reporters.JUnitReportReporter -->
<testsuite skipped="0" hostname="192.168.1.4" name="RestTest.RestAssuredTest" tests="7" failures="0" timestamp="2020-05-05T15:50:10 IST" time="6.665" errors="0">
  <testcase name="nestedJsonObjectResponseContentContains" time="0.191" classname="RestTest.RestAssuredTest"/>
  <system-out/>
  <testcase name="testStatusCode" time="0.140" classname="RestTest.RestAssuredTest"/>
  <system-out/>
  <testcase name="testResponseContent" time="0.156" classname="RestTest.RestAssuredTest"/>
  <system-out/>
  <testcase name="nestedJsonObjectResponseContent" time="1.123" classname="RestTest.RestAssuredTest"/>
  <system-out/>
  <testcase name="getResponseBody" time="4.505" classname="RestTest.RestAssuredTest"/>
  <system-out/>
  <testcase name="responseBodyfilters" time="0.312" classname="RestTest.RestAssuredTest"/>
  <system-out/>
  <testcase name="useHeaderReuest" time="0.238" classname="RestTest.RestAssuredTest"/>
  <system-out/>
</testsuite> <!-- RestTest.RestAssuredTest -->
